<?xml version="1.0" encoding="UTF-8"?>
<testng-results skipped="0" failed="0" ignored="0" total="2" passed="2">
  <reporter-output>
  </reporter-output>
  <suite name="Grid Automation Suite" duration-ms="32422" started-at="2020-05-12T00:23:06 IST" finished-at="2020-05-12T00:23:38 IST">
    <groups>
    </groups>
    <test name="ChromeBrowser" duration-ms="18868" started-at="2020-05-12T00:23:06 IST" finished-at="2020-05-12T00:23:25 IST">
      <class name="testCases.FacebookTestNew">
        <test-method status="PASS" signature="setup(java.lang.String)[pri:0, instance:testCases.FacebookTestNew@7494e528]" name="setup" is-config="true" duration-ms="8710" started-at="2020-05-12T00:23:06 IST" finished-at="2020-05-12T00:23:14 IST">
          <params>
            <param index="0">
              <value>
                <![CDATA[chrome]]>
              </value>
            </param>
          </params>
          <reporter-output>
          </reporter-output>
        </test-method> <!-- setup -->
        <test-method status="PASS" signature="validateTitle()[pri:0, instance:testCases.FacebookTestNew@7494e528]" name="validateTitle" duration-ms="10126" started-at="2020-05-12T00:23:14 IST" finished-at="2020-05-12T00:23:25 IST">
          <reporter-output>
          </reporter-output>
        </test-method> <!-- validateTitle -->
      </class> <!-- testCases.FacebookTestNew -->
    </test> <!-- ChromeBrowser -->
    <test name="IEBrowser" duration-ms="32422" started-at="2020-05-12T00:23:06 IST" finished-at="2020-05-12T00:23:38 IST">
      <class name="testCases.FacebookTestNew">
        <test-method status="PASS" signature="setup(java.lang.String)[pri:0, instance:testCases.FacebookTestNew@4d95d2a2]" name="setup" is-config="true" duration-ms="31298" started-at="2020-05-12T00:23:06 IST" finished-at="2020-05-12T00:23:37 IST">
          <params>
            <param index="0">
              <value>
                <![CDATA[internet explorer]]>
              </value>
            </param>
          </params>
          <reporter-output>
          </reporter-output>
        </test-method> <!-- setup -->
        <test-method status="PASS" signature="validateTitle()[pri:0, instance:testCases.FacebookTestNew@4d95d2a2]" name="validateTitle" duration-ms="1115" started-at="2020-05-12T00:23:37 IST" finished-at="2020-05-12T00:23:38 IST">
          <reporter-output>
          </reporter-output>
        </test-method> <!-- validateTitle -->
      </class> <!-- testCases.FacebookTestNew -->
    </test> <!-- IEBrowser -->
  </suite> <!-- Grid Automation Suite -->
</testng-results>
